<?xml version="1.0" encoding="UTF-8"?>
<testsuite xmlns:xsi="http://www.w3.org/2001/XMLSchema-instance" xsi:noNamespaceSchemaLocation="https://maven.apache.org/surefire/maven-surefire-plugin/xsd/surefire-test-report-3.0.xsd" version="3.0" name="com.ehz.securingweb.fileTest" time="13.616" tests="1" errors="0" skipped="0" failures="0">
  <properties>
[...]
</properties>
  <testcase name="fileTest" classname="com.ehz.securingweb.fileTest" time="1.175">
    <system-out><![CDATA[11:28:11.484 [main] INFO org.springframework.test.context.support.AnnotationConfigContextLoaderUtils -- Could not detect default configuration classes for test class [com.ehz.securingweb.fileTest]: fileTest does not declare any static, non-private, non-final, nested classes annotated with @Configuration.
11:28:11.656 [main] INFO org.springframework.boot.test.context.SpringBootTestContextBootstrapper -- Found @SpringBootConfiguration com.ehz.SecuringWebApplication for test class com.ehz.securingweb.fileTest

  .   ____          _            __ _ _
 /\\ / ___'_ __ _ _(_)_ __  __ _ \ \ \ \
( ( )\___ | '_ | '_| | '_ \/ _` | \ \ \ \
 \\/  ___)| |_)| | | | | || (_| |  ) ) ) )
  '  |____| .__|_| |_|_| |_\__, | / / / /
 =========|_|==============|___/=/_/_/_/
 :: Spring Boot ::                (v3.1.0)

2023-07-18T11:28:12.422+08:00  INFO 13692 --- [           main] com.ehz.securingweb.fileTest             : Starting fileTest using Java 17.0.7 with PID 13692 (started by Admin in C:\Users\Admin\Desktop\ehz_2)
2023-07-18T11:28:12.424+08:00  INFO 13692 --- [           main] com.ehz.securingweb.fileTest             : No active profile set, falling back to 1 default profile: "default"
2023-07-18T11:28:13.885+08:00  INFO 13692 --- [           main] .s.d.r.c.RepositoryConfigurationDelegate : Multiple Spring Data modules found, entering strict repository configuration mode
2023-07-18T11:28:13.888+08:00  INFO 13692 --- [           main] .s.d.r.c.RepositoryConfigurationDelegate : Bootstrapping Spring Data JDBC repositories in DEFAULT mode.
2023-07-18T11:28:13.953+08:00  INFO 13692 --- [           main] .RepositoryConfigurationExtensionSupport : Spring Data JDBC - Could not safely identify store assignment for repository candidate interface com.ehz.repository.FileRepository; If you want this repository to be a JDBC repository, consider annotating your entities with one of these annotations: org.springframework.data.relational.core.mapping.Table.
2023-07-18T11:28:13.956+08:00  INFO 13692 --- [           main] .RepositoryConfigurationExtensionSupport : Spring Data JDBC - Could not safely identify store assignment for repository candidate interface com.ehz.repository.PermissionRepository; If you want this repository to be a JDBC repository, consider annotating your entities with one of these annotations: org.springframework.data.relational.core.mapping.Table.
2023-07-18T11:28:13.961+08:00  INFO 13692 --- [           main] .RepositoryConfigurationExtensionSupport : Spring Data JDBC - Could not safely identify store assignment for repository candidate interface com.ehz.repository.RoleRepository; If you want this repository to be a JDBC repository, consider annotating your entities with one of these annotations: org.springframework.data.relational.core.mapping.Table.
2023-07-18T11:28:13.964+08:00  INFO 13692 --- [           main] .RepositoryConfigurationExtensionSupport : Spring Data JDBC - Could not safely identify store assignment for repository candidate interface com.ehz.repository.SubFileRepository; If you want this repository to be a JDBC repository, consider annotating your entities with one of these annotations: org.springframework.data.relational.core.mapping.Table.
2023-07-18T11:28:13.969+08:00  INFO 13692 --- [           main] .RepositoryConfigurationExtensionSupport : Spring Data JDBC - Could not safely identify store assignment for repository candidate interface com.ehz.repository.UserFileMappingRepository; If you want this repository to be a JDBC repository, consider annotating your entities with one of these annotations: org.springframework.data.relational.core.mapping.Table.
2023-07-18T11:28:13.972+08:00  INFO 13692 --- [           main] .RepositoryConfigurationExtensionSupport : Spring Data JDBC - Could not safely identify store assignment for repository candidate interface com.ehz.repository.UserRepository; If you want this repository to be a JDBC repository, consider annotating your entities with one of these annotations: org.springframework.data.relational.core.mapping.Table.
2023-07-18T11:28:13.973+08:00  INFO 13692 --- [           main] .s.d.r.c.RepositoryConfigurationDelegate : Finished Spring Data repository scanning in 74 ms. Found 0 JDBC repository interfaces.
2023-07-18T11:28:14.004+08:00  INFO 13692 --- [           main] .s.d.r.c.RepositoryConfigurationDelegate : Multiple Spring Data modules found, entering strict repository configuration mode
2023-07-18T11:28:14.006+08:00  INFO 13692 --- [           main] .s.d.r.c.RepositoryConfigurationDelegate : Bootstrapping Spring Data JPA repositories in DEFAULT mode.
2023-07-18T11:28:14.082+08:00  INFO 13692 --- [           main] .s.d.r.c.RepositoryConfigurationDelegate : Finished Spring Data repository scanning in 70 ms. Found 6 JPA repository interfaces.
2023-07-18T11:28:15.126+08:00  INFO 13692 --- [           main] o.hibernate.jpa.internal.util.LogHelper  : HHH000204: Processing PersistenceUnitInfo [name: default]
2023-07-18T11:28:15.242+08:00  INFO 13692 --- [           main] org.hibernate.Version                    : HHH000412: Hibernate ORM core version 6.2.2.Final
2023-07-18T11:28:15.248+08:00  INFO 13692 --- [           main] org.hibernate.cfg.Environment            : HHH000406: Using bytecode reflection optimizer
2023-07-18T11:28:15.722+08:00  INFO 13692 --- [           main] o.h.b.i.BytecodeProviderInitiator        : HHH000021: Bytecode provider name : bytebuddy
2023-07-18T11:28:15.980+08:00  INFO 13692 --- [           main] o.s.o.j.p.SpringPersistenceUnitInfo      : No LoadTimeWeaver setup: ignoring JPA class transformer
2023-07-18T11:28:16.016+08:00  INFO 13692 --- [           main] com.zaxxer.hikari.HikariDataSource       : HikariPool-1 - Starting...
2023-07-18T11:28:16.628+08:00  INFO 13692 --- [           main] com.zaxxer.hikari.pool.HikariPool        : HikariPool-1 - Added connection com.mysql.cj.jdbc.ConnectionImpl@5ca22e19
2023-07-18T11:28:16.631+08:00  INFO 13692 --- [           main] com.zaxxer.hikari.HikariDataSource       : HikariPool-1 - Start completed.
2023-07-18T11:28:16.739+08:00  INFO 13692 --- [           main] org.hibernate.orm.dialect                : HHH035001: Using dialect: org.hibernate.dialect.MySQLDialect, version: 5.7
2023-07-18T11:28:17.485+08:00  INFO 13692 --- [           main] o.h.b.i.BytecodeProviderInitiator        : HHH000021: Bytecode provider name : bytebuddy
2023-07-18T11:28:19.031+08:00  INFO 13692 --- [           main] o.h.e.t.j.p.i.JtaPlatformInitiator       : HHH000490: Using JtaPlatform implementation: [org.hibernate.engine.transaction.jta.platform.internal.NoJtaPlatform]
2023-07-18T11:28:19.138+08:00  INFO 13692 --- [           main] j.LocalContainerEntityManagerFactoryBean : Initialized JPA EntityManagerFactory for persistence unit 'default'
2023-07-18T11:28:19.617+08:00  INFO 13692 --- [er-offprocmng-2] o.j.local.office.OfficeDescriptor        : soffice info (from exec path): Product: LibreOffice - Version: ??? - useLongOptionNameGnuStyle: true
2023-07-18T11:28:19.617+08:00  INFO 13692 --- [er-offprocmng-0] o.j.local.office.OfficeDescriptor        : soffice info (from exec path): Product: LibreOffice - Version: ??? - useLongOptionNameGnuStyle: true
2023-07-18T11:28:19.617+08:00  INFO 13692 --- [er-offprocmng-1] o.j.local.office.OfficeDescriptor        : soffice info (from exec path): Product: LibreOffice - Version: ??? - useLongOptionNameGnuStyle: true
2023-07-18T11:28:20.043+08:00  INFO 13692 --- [er-offprocmng-1] o.j.l.office.LocalOfficeProcessManager   : Starting process with --accept 'socket,host=127.0.0.1,port=9081,tcpNoDelay=1;urp;StarOffice.ServiceManager' and profileDir 'C:\Users\Admin\AppData\Local\Temp\.jodconverter_socket_host-127.0.0.1_port-9081_tcpNoDelay-1'
2023-07-18T11:28:20.045+08:00  INFO 13692 --- [er-offprocmng-2] o.j.l.office.LocalOfficeProcessManager   : Starting process with --accept 'socket,host=127.0.0.1,port=9089,tcpNoDelay=1;urp;StarOffice.ServiceManager' and profileDir 'C:\Users\Admin\AppData\Local\Temp\.jodconverter_socket_host-127.0.0.1_port-9089_tcpNoDelay-1'
2023-07-18T11:28:20.050+08:00  INFO 13692 --- [er-offprocmng-0] o.j.l.office.LocalOfficeProcessManager   : Starting process with --accept 'socket,host=127.0.0.1,port=9080,tcpNoDelay=1;urp;StarOffice.ServiceManager' and profileDir 'C:\Users\Admin\AppData\Local\Temp\.jodconverter_socket_host-127.0.0.1_port-9080_tcpNoDelay-1'
2023-07-18T11:28:21.515+08:00  WARN 13692 --- [           main] JpaBaseConfiguration$JpaWebConfiguration : spring.jpa.open-in-view is enabled by default. Therefore, database queries may be performed during view rendering. Explicitly configure spring.jpa.open-in-view to disable this warning
2023-07-18T11:28:22.388+08:00  INFO 13692 --- [           main] o.s.s.web.DefaultSecurityFilterChain     : Will secure any request with [org.springframework.security.web.session.DisableEncodeUrlFilter@702e21c, org.springframework.security.web.context.request.async.WebAsyncManagerIntegrationFilter@5c450960, org.springframework.security.web.context.SecurityContextHolderFilter@79827e71, org.springframework.security.web.header.HeaderWriterFilter@368e7d3a, org.springframework.security.web.authentication.logout.LogoutFilter@7de2c19c, org.springframework.security.web.authentication.UsernamePasswordAuthenticationFilter@77737e3e, org.springframework.security.web.savedrequest.RequestCacheAwareFilter@7cd2d3b6, org.springframework.security.web.servletapi.SecurityContextHolderAwareRequestFilter@466bf366, org.springframework.security.web.authentication.AnonymousAuthenticationFilter@7c5fbde4, org.springframework.security.web.access.ExceptionTranslationFilter@3aebdb4, org.springframework.security.web.access.intercept.AuthorizationFilter@35fd03d9]
2023-07-18T11:28:23.439+08:00  INFO 13692 --- [           main] com.ehz.securingweb.fileTest             : Started fileTest in 11.524 seconds (process running for 13.667)
]]></system-out>
  </testcase>
</testsuite>