<?xml version="1.0" encoding="UTF-8"?>
<testsuite xmlns:xsi="http://www.w3.org/2001/XMLSchema-instance" xsi:noNamespaceSchemaLocation="https://maven.apache.org/surefire/maven-surefire-plugin/xsd/surefire-test-report-3.0.xsd" version="3.0" name="com.ehz.securingweb.fileTest" time="14.055" tests="1" errors="0" skipped="0" failures="0">
  <properties>
[...]
</properties>
  <testcase name="fileTest" classname="com.ehz.securingweb.fileTest" time="1.299">
    <system-out><![CDATA[11:11:20.308 [main] INFO org.springframework.test.context.support.AnnotationConfigContextLoaderUtils -- Could not detect default configuration classes for test class [com.ehz.securingweb.fileTest]: fileTest does not declare any static, non-private, non-final, nested classes annotated with @Configuration.
11:11:20.518 [main] INFO org.springframework.boot.test.context.SpringBootTestContextBootstrapper -- Found @SpringBootConfiguration com.ehz.SecuringWebApplication for test class com.ehz.securingweb.fileTest

  .   ____          _            __ _ _
 /\\ / ___'_ __ _ _(_)_ __  __ _ \ \ \ \
( ( )\___ | '_ | '_| | '_ \/ _` | \ \ \ \
 \\/  ___)| |_)| | | | | || (_| |  ) ) ) )
  '  |____| .__|_| |_|_| |_\__, | / / / /
 =========|_|==============|___/=/_/_/_/
 :: Spring Boot ::                (v3.1.0)

2023-07-18T11:11:21.338+08:00  INFO 19052 --- [           main] com.ehz.securingweb.fileTest             : Starting fileTest using Java 17.0.7 with PID 19052 (started by Admin in C:\Users\Admin\Desktop\ehz_1)
2023-07-18T11:11:21.342+08:00  INFO 19052 --- [           main] com.ehz.securingweb.fileTest             : No active profile set, falling back to 1 default profile: "default"
2023-07-18T11:11:22.612+08:00  INFO 19052 --- [           main] .s.d.r.c.RepositoryConfigurationDelegate : Multiple Spring Data modules found, entering strict repository configuration mode
2023-07-18T11:11:22.615+08:00  INFO 19052 --- [           main] .s.d.r.c.RepositoryConfigurationDelegate : Bootstrapping Spring Data JDBC repositories in DEFAULT mode.
2023-07-18T11:11:22.681+08:00  INFO 19052 --- [           main] .RepositoryConfigurationExtensionSupport : Spring Data JDBC - Could not safely identify store assignment for repository candidate interface com.ehz.repository.FileRepository; If you want this repository to be a JDBC repository, consider annotating your entities with one of these annotations: org.springframework.data.relational.core.mapping.Table.
2023-07-18T11:11:22.684+08:00  INFO 19052 --- [           main] .RepositoryConfigurationExtensionSupport : Spring Data JDBC - Could not safely identify store assignment for repository candidate interface com.ehz.repository.PermissionRepository; If you want this repository to be a JDBC repository, consider annotating your entities with one of these annotations: org.springframework.data.relational.core.mapping.Table.
2023-07-18T11:11:22.687+08:00  INFO 19052 --- [           main] .RepositoryConfigurationExtensionSupport : Spring Data JDBC - Could not safely identify store assignment for repository candidate interface com.ehz.repository.RoleRepository; If you want this repository to be a JDBC repository, consider annotating your entities with one of these annotations: org.springframework.data.relational.core.mapping.Table.
2023-07-18T11:11:22.690+08:00  INFO 19052 --- [           main] .RepositoryConfigurationExtensionSupport : Spring Data JDBC - Could not safely identify store assignment for repository candidate interface com.ehz.repository.SubFileRepository; If you want this repository to be a JDBC repository, consider annotating your entities with one of these annotations: org.springframework.data.relational.core.mapping.Table.
2023-07-18T11:11:22.694+08:00  INFO 19052 --- [           main] .RepositoryConfigurationExtensionSupport : Spring Data JDBC - Could not safely identify store assignment for repository candidate interface com.ehz.repository.UserFileMappingRepository; If you want this repository to be a JDBC repository, consider annotating your entities with one of these annotations: org.springframework.data.relational.core.mapping.Table.
2023-07-18T11:11:22.712+08:00  INFO 19052 --- [           main] .RepositoryConfigurationExtensionSupport : Spring Data JDBC - Could not safely identify store assignment for repository candidate interface com.ehz.repository.UserRepository; If you want this repository to be a JDBC repository, consider annotating your entities with one of these annotations: org.springframework.data.relational.core.mapping.Table.
2023-07-18T11:11:22.714+08:00  INFO 19052 --- [           main] .s.d.r.c.RepositoryConfigurationDelegate : Finished Spring Data repository scanning in 90 ms. Found 0 JDBC repository interfaces.
2023-07-18T11:11:22.731+08:00  INFO 19052 --- [           main] .s.d.r.c.RepositoryConfigurationDelegate : Multiple Spring Data modules found, entering strict repository configuration mode
2023-07-18T11:11:22.733+08:00  INFO 19052 --- [           main] .s.d.r.c.RepositoryConfigurationDelegate : Bootstrapping Spring Data JPA repositories in DEFAULT mode.
2023-07-18T11:11:22.803+08:00  INFO 19052 --- [           main] .s.d.r.c.RepositoryConfigurationDelegate : Finished Spring Data repository scanning in 64 ms. Found 6 JPA repository interfaces.
2023-07-18T11:11:25.103+08:00  INFO 19052 --- [           main] o.hibernate.jpa.internal.util.LogHelper  : HHH000204: Processing PersistenceUnitInfo [name: default]
2023-07-18T11:11:25.329+08:00  INFO 19052 --- [           main] org.hibernate.Version                    : HHH000412: Hibernate ORM core version 6.2.2.Final
2023-07-18T11:11:25.334+08:00  INFO 19052 --- [           main] org.hibernate.cfg.Environment            : HHH000406: Using bytecode reflection optimizer
2023-07-18T11:11:25.744+08:00  INFO 19052 --- [           main] o.h.b.i.BytecodeProviderInitiator        : HHH000021: Bytecode provider name : bytebuddy
2023-07-18T11:11:25.966+08:00  INFO 19052 --- [           main] o.s.o.j.p.SpringPersistenceUnitInfo      : No LoadTimeWeaver setup: ignoring JPA class transformer
2023-07-18T11:11:25.999+08:00  INFO 19052 --- [           main] com.zaxxer.hikari.HikariDataSource       : HikariPool-1 - Starting...
2023-07-18T11:11:26.669+08:00  INFO 19052 --- [           main] com.zaxxer.hikari.pool.HikariPool        : HikariPool-1 - Added connection com.mysql.cj.jdbc.ConnectionImpl@31b741e2
2023-07-18T11:11:26.673+08:00  INFO 19052 --- [           main] com.zaxxer.hikari.HikariDataSource       : HikariPool-1 - Start completed.
2023-07-18T11:11:26.765+08:00  INFO 19052 --- [           main] org.hibernate.orm.dialect                : HHH035001: Using dialect: org.hibernate.dialect.MySQLDialect, version: 5.7
2023-07-18T11:11:27.293+08:00  INFO 19052 --- [           main] o.h.b.i.BytecodeProviderInitiator        : HHH000021: Bytecode provider name : bytebuddy
2023-07-18T11:11:28.560+08:00  INFO 19052 --- [           main] o.h.e.t.j.p.i.JtaPlatformInitiator       : HHH000490: Using JtaPlatform implementation: [org.hibernate.engine.transaction.jta.platform.internal.NoJtaPlatform]
2023-07-18T11:11:28.674+08:00  INFO 19052 --- [           main] j.LocalContainerEntityManagerFactoryBean : Initialized JPA EntityManagerFactory for persistence unit 'default'
2023-07-18T11:11:29.947+08:00  INFO 19052 --- [er-offprocmng-0] o.j.local.office.OfficeDescriptor        : soffice info (from exec path): Product: LibreOffice - Version: ??? - useLongOptionNameGnuStyle: true
2023-07-18T11:11:29.947+08:00  INFO 19052 --- [er-offprocmng-1] o.j.local.office.OfficeDescriptor        : soffice info (from exec path): Product: LibreOffice - Version: ??? - useLongOptionNameGnuStyle: true
2023-07-18T11:11:29.947+08:00  INFO 19052 --- [er-offprocmng-2] o.j.local.office.OfficeDescriptor        : soffice info (from exec path): Product: LibreOffice - Version: ??? - useLongOptionNameGnuStyle: true
2023-07-18T11:11:30.288+08:00  WARN 19052 --- [           main] JpaBaseConfiguration$JpaWebConfiguration : spring.jpa.open-in-view is enabled by default. Therefore, database queries may be performed during view rendering. Explicitly configure spring.jpa.open-in-view to disable this warning
2023-07-18T11:11:30.445+08:00  WARN 19052 --- [er-offprocmng-2] o.j.l.office.LocalOfficeProcessManager   : A process with --accept 'socket,host=127.0.0.1,port=9089,tcpNoDelay=1;urp;StarOffice.ServiceManager' is already running; pid 14588; trying to kill it...
2023-07-18T11:11:30.445+08:00  WARN 19052 --- [er-offprocmng-0] o.j.l.office.LocalOfficeProcessManager   : A process with --accept 'socket,host=127.0.0.1,port=9080,tcpNoDelay=1;urp;StarOffice.ServiceManager' is already running; pid 15896; trying to kill it...
2023-07-18T11:11:30.445+08:00  WARN 19052 --- [er-offprocmng-1] o.j.l.office.LocalOfficeProcessManager   : A process with --accept 'socket,host=127.0.0.1,port=9081,tcpNoDelay=1;urp;StarOffice.ServiceManager' is already running; pid 11060; trying to kill it...
2023-07-18T11:11:31.288+08:00  INFO 19052 --- [           main] o.s.s.web.DefaultSecurityFilterChain     : Will secure any request with [org.springframework.security.web.session.DisableEncodeUrlFilter@5dcec8e9, org.springframework.security.web.context.request.async.WebAsyncManagerIntegrationFilter@4bc49d70, org.springframework.security.web.context.SecurityContextHolderFilter@3aebdb4, org.springframework.security.web.header.HeaderWriterFilter@347f0950, org.springframework.security.web.authentication.logout.LogoutFilter@1ecbb787, org.springframework.security.web.authentication.UsernamePasswordAuthenticationFilter@509e0253, org.springframework.security.web.savedrequest.RequestCacheAwareFilter@1db7c267, org.springframework.security.web.servletapi.SecurityContextHolderAwareRequestFilter@73796ae5, org.springframework.security.web.authentication.AnonymousAuthenticationFilter@73543048, org.springframework.security.web.access.ExceptionTranslationFilter@3a0f5141, org.springframework.security.web.access.intercept.AuthorizationFilter@4b8ba6b7]
2023-07-18T11:11:32.729+08:00  INFO 19052 --- [           main] com.ehz.securingweb.fileTest             : Started fileTest in 11.914 seconds (process running for 13.628)
2023-07-18T11:11:32.966+08:00 ERROR 19052 --- [er-offprocmng-0] o.j.l.office.LocalOfficeProcessManager   : Could not start the office process.

org.jodconverter.core.office.OfficeException: A process with --accept 'socket,host=127.0.0.1,port=9080,tcpNoDelay=1;urp;StarOffice.ServiceManager' is already running and could not be killed; pid 15896
	at org.jodconverter.local.office.LocalOfficeProcessManager.killExistingProcess(LocalOfficeProcessManager.java:526) ~[jodconverter-local-4.4.6.jar:4.4.6]
	at org.jodconverter.local.office.LocalOfficeProcessManager.checkForExistingProcess(LocalOfficeProcessManager.java:580) ~[jodconverter-local-4.4.6.jar:4.4.6]
	at org.jodconverter.local.office.LocalOfficeProcessManager.startProcessAndConnect(LocalOfficeProcessManager.java:381) ~[jodconverter-local-4.4.6.jar:4.4.6]
	at org.jodconverter.local.office.LocalOfficeProcessManager.lambda$start$1(LocalOfficeProcessManager.java:213) ~[jodconverter-local-4.4.6.jar:4.4.6]
	at java.base/java.util.concurrent.ThreadPoolExecutor.runWorker(ThreadPoolExecutor.java:1136) ~[na:na]
	at java.base/java.util.concurrent.ThreadPoolExecutor$Worker.run(ThreadPoolExecutor.java:635) ~[na:na]
	at java.base/java.lang.Thread.run(Thread.java:833) ~[na:na]

2023-07-18T11:11:33.013+08:00 ERROR 19052 --- [er-offprocmng-1] o.j.l.office.LocalOfficeProcessManager   : Could not start the office process.

org.jodconverter.core.office.OfficeException: A process with --accept 'socket,host=127.0.0.1,port=9081,tcpNoDelay=1;urp;StarOffice.ServiceManager' is already running and could not be killed; pid 11060
	at org.jodconverter.local.office.LocalOfficeProcessManager.killExistingProcess(LocalOfficeProcessManager.java:526) ~[jodconverter-local-4.4.6.jar:4.4.6]
	at org.jodconverter.local.office.LocalOfficeProcessManager.checkForExistingProcess(LocalOfficeProcessManager.java:580) ~[jodconverter-local-4.4.6.jar:4.4.6]
	at org.jodconverter.local.office.LocalOfficeProcessManager.startProcessAndConnect(LocalOfficeProcessManager.java:381) ~[jodconverter-local-4.4.6.jar:4.4.6]
	at org.jodconverter.local.office.LocalOfficeProcessManager.lambda$start$1(LocalOfficeProcessManager.java:213) ~[jodconverter-local-4.4.6.jar:4.4.6]
	at java.base/java.util.concurrent.ThreadPoolExecutor.runWorker(ThreadPoolExecutor.java:1136) ~[na:na]
	at java.base/java.util.concurrent.ThreadPoolExecutor$Worker.run(ThreadPoolExecutor.java:635) ~[na:na]
	at java.base/java.lang.Thread.run(Thread.java:833) ~[na:na]

2023-07-18T11:11:33.046+08:00 ERROR 19052 --- [er-offprocmng-2] o.j.l.office.LocalOfficeProcessManager   : Could not start the office process.

org.jodconverter.core.office.OfficeException: A process with --accept 'socket,host=127.0.0.1,port=9089,tcpNoDelay=1;urp;StarOffice.ServiceManager' is already running and could not be killed; pid 14588
	at org.jodconverter.local.office.LocalOfficeProcessManager.killExistingProcess(LocalOfficeProcessManager.java:526) ~[jodconverter-local-4.4.6.jar:4.4.6]
	at org.jodconverter.local.office.LocalOfficeProcessManager.checkForExistingProcess(LocalOfficeProcessManager.java:580) ~[jodconverter-local-4.4.6.jar:4.4.6]
	at org.jodconverter.local.office.LocalOfficeProcessManager.startProcessAndConnect(LocalOfficeProcessManager.java:381) ~[jodconverter-local-4.4.6.jar:4.4.6]
	at org.jodconverter.local.office.LocalOfficeProcessManager.lambda$start$1(LocalOfficeProcessManager.java:213) ~[jodconverter-local-4.4.6.jar:4.4.6]
	at java.base/java.util.concurrent.ThreadPoolExecutor.runWorker(ThreadPoolExecutor.java:1136) ~[na:na]
	at java.base/java.util.concurrent.ThreadPoolExecutor$Worker.run(ThreadPoolExecutor.java:635) ~[na:na]
	at java.base/java.lang.Thread.run(Thread.java:833) ~[na:na]

]]></system-out>
  </testcase>
</testsuite>